# JRE version: OpenJDK Runtime Environment (Zulu11.31+11-CA) (11.0.3+7) (build 11.0.3+7-LTS)
# Java VM: OpenJDK 64-Bit Server VM (11.0.3+7-LTS, mixed mode, tiered, compressed oops, g1 gc, bsd-amd64)
Heap:
 garbage-first heap   total 27648K, used 7343K [0x0000000780000000, 0x0000000800000000)
  region size 1024K, 1 young (1024K), 0 survivors (0K)
 Metaspace       used 14924K, capacity 15144K, committed 15744K, reserved 1062912K
  class space    used 1653K, capacity 1750K, committed 1920K, reserved 1048576K
GC Heap History (10 events):
Event: 32314.698 GC heap before
{Heap before GC invocations=20 (full 18):
 garbage-first heap   total 27648K, used 7343K [0x0000000780000000, 0x0000000800000000)
  region size 1024K, 1 young (1024K), 0 survivors (0K)
 Metaspace       used 14924K, capacity 15144K, committed 15744K, reserved 1062912K
  class space    used 1653K, capacity 1750K, committed 1920K, reserved 1048576K
}
Event: 32314.707 GC heap after
{Heap after GC invocations=21 (full 19):
 garbage-first heap   total 27648K, used 7343K [0x0000000780000000, 0x0000000800000000)
  region size 1024K, 0 young (0K), 0 survivors (0K)
 Metaspace       used 14924K, capacity 15144K, committed 15744K, reserved 1062912K
  class space    used 1653K, capacity 1750K, committed 1920K, reserved 1048576K
}
Event: 33334.659 GC heap before
{Heap before GC invocations=21 (full 19):
 garbage-first heap   total 27648K, used 7343K [0x0000000780000000, 0x0000000800000000)
  region size 1024K, 1 young (1024K), 0 survivors (0K)
 Metaspace       used 14924K, capacity 15144K, committed 15744K, reserved 1062912K
  class space    used 1653K, capacity 1750K, committed 1920K, reserved 1048576K
}
Event: 33334.671 GC heap after
{Heap after GC invocations=22 (full 20):
 garbage-first heap   total 27648K, used 7343K [0x0000000780000000, 0x0000000800000000)
  region size 1024K, 0 young (0K), 0 survivors (0K)
 Metaspace       used 14924K, capacity 15144K, committed 15744K, reserved 1062912K
  class space    used 1653K, capacity 1750K, committed 1920K, reserved 1048576K
}
Event: 33335.236 GC heap before
{Heap before GC invocations=22 (full 20):
 garbage-first heap   total 27648K, used 7343K [0x0000000780000000, 0x0000000800000000)
  region size 1024K, 1 young (1024K), 0 survivors (0K)
 Metaspace       used 14924K, capacity 15144K, committed 15744K, reserved 1062912K
  class space    used 1653K, capacity 1750K, committed 1920K, reserved 1048576K
}
Event: 33335.243 GC heap after
{Heap after GC invocations=23 (full 21):
 garbage-first heap   total 27648K, used 7343K [0x0000000780000000, 0x0000000800000000)
  region size 1024K, 0 young (0K), 0 survivors (0K)
 Metaspace       used 14924K, capacity 15144K, committed 15744K, reserved 1062912K
  class space    used 1653K, capacity 1750K, committed 1920K, reserved 1048576K
}
Event: 135775.460 GC heap before
{Heap before GC invocations=23 (full 21):
 garbage-first heap   total 27648K, used 7343K [0x0000000780000000, 0x0000000800000000)
  region size 1024K, 1 young (1024K), 0 survivors (0K)
 Metaspace       used 14924K, capacity 15144K, committed 15744K, reserved 1062912K
  class space    used 1653K, capacity 1750K, committed 1920K, reserved 1048576K
}
Event: 135775.573 GC heap after
{Heap after GC invocations=24 (full 22):
 garbage-first heap   total 27648K, used 7343K [0x0000000780000000, 0x0000000800000000)
  region size 1024K, 0 young (0K), 0 survivors (0K)
 Metaspace       used 14924K, capacity 15144K, committed 15744K, reserved 1062912K
  class space    used 1653K, capacity 1750K, committed 1920K, reserved 1048576K
}
Event: 135782.970 GC heap before
{Heap before GC invocations=24 (full 22):
 garbage-first heap   total 27648K, used 7343K [0x0000000780000000, 0x0000000800000000)
  region size 1024K, 1 young (1024K), 0 survivors (0K)
 Metaspace       used 14924K, capacity 15144K, committed 15744K, reserved 1062912K
  class space    used 1653K, capacity 1750K, committed 1920K, reserved 1048576K
}
Event: 135782.979 GC heap after
{Heap after GC invocations=25 (full 23):
 garbage-first heap   total 27648K, used 7343K [0x0000000780000000, 0x0000000800000000)
  region size 1024K, 0 young (0K), 0 survivors (0K)
 Metaspace       used 14924K, capacity 15144K, committed 15744K, reserved 1062912K
  class space    used 1653K, capacity 1750K, committed 1920K, reserved 1048576K
}

